Arguments: 
  C:\Program Files\nodejs\node.exe C:\Program Files (x86)\Yarn\bin\yarn.js add @babel cli

PATH: 
  C:\Program Files (x86)\Common Files\Oracle\Java\javapath;C:\WINDOWS\system32;C:\WINDOWS;C:\WINDOWS\System32\Wbem;C:\WINDOWS\System32\WindowsPowerShell\v1.0\;C:\WINDOWS\System32\OpenSSH\;C:\Program Files\TortoiseSVN\bin;C:\Program Files\Java\gradle-4.7\bin;C:\Program Files\Java\maven-3.6.3\bin;C:\Program Files\Java\jdk-13.0.2\bin;C:\Program Files\nodejs\;C:\Program Files (x86)\Yarn\bin\;C:\Users\felipe.a.januario\AppData\Local\Programs\Python\Python37\Scripts\;C:\Users\felipe.a.januario\AppData\Local\Programs\Python\Python37\;C:\Users\felipe.a.januario\AppData\Local\Microsoft\WindowsApps;C:\Users\felipe.a.januario\AppData\Local\Programs\Microsoft VS Code\bin;C:\Users\felipe.a.januario\AppData\Local\Programs\Git\cmd;C:\Users\felipe.a.januario\AppData\Roaming\npm;C:\Users\felipe.a.januario\AppData\Local\Yarn\bin

Yarn version: 
  1.22.4

Node version: 
  13.11.0

Platform: 
  win32 x64

Trace: 
  Error: https://registry.yarnpkg.com/@babel: Request "https://registry.yarnpkg.com/@babel" returned a 405
      at Request.params.callback [as _callback] (C:\Program Files (x86)\Yarn\lib\cli.js:66105:18)
      at Request.self.callback (C:\Program Files (x86)\Yarn\lib\cli.js:140748:22)
      at Request.emit (events.js:315:20)
      at Request.<anonymous> (C:\Program Files (x86)\Yarn\lib\cli.js:141720:10)
      at Request.emit (events.js:315:20)
      at IncomingMessage.<anonymous> (C:\Program Files (x86)\Yarn\lib\cli.js:141642:12)
      at Object.onceWrapper (events.js:421:28)
      at IncomingMessage.emit (events.js:327:22)
      at endReadableNT (_stream_readable.js:1201:12)
      at processTicksAndRejections (internal/process/task_queues.js:84:21)

npm manifest: 
  {
    "name": "cursoES6",
    "version": "1.0.0",
    "main": "index.js",
    "license": "MIT"
  }

yarn manifest: 
  No manifest

Lockfile: 
  No lockfile
